Determining if the pthread_create exist failed with the following output:
Change Dir: /media/js/data/WFH/Ubuntu/catkin_ws_scw/build/CMakeFiles/CMakeTmp

Run Build Command:"/usr/bin/make" "cmTC_fa590/fast"
/usr/bin/make -f CMakeFiles/cmTC_fa590.dir/build.make CMakeFiles/cmTC_fa590.dir/build
make[1]: Entering directory '/media/js/data/WFH/Ubuntu/catkin_ws_scw/build/CMakeFiles/CMakeTmp'
Building C object CMakeFiles/cmTC_fa590.dir/CheckSymbolExists.c.o
/usr/bin/cc    -o CMakeFiles/cmTC_fa590.dir/CheckSymbolExists.c.o   -c /media/js/data/WFH/Ubuntu/catkin_ws_scw/build/CMakeFiles/CMakeTmp/CheckSymbolExists.c
Linking C executable cmTC_fa590
/usr/bin/cmake -E cmake_link_script CMakeFiles/cmTC_fa590.dir/link.txt --verbose=1
/usr/bin/cc      -rdynamic CMakeFiles/cmTC_fa590.dir/CheckSymbolExists.c.o  -o cmTC_fa590 
CMakeFiles/cmTC_fa590.dir/CheckSymbolExists.c.o: In function `main':
CheckSymbolExists.c:(.text+0x1b): undefined reference to `pthread_create'
collect2: error: ld returned 1 exit status
CMakeFiles/cmTC_fa590.dir/build.make:97: recipe for target 'cmTC_fa590' failed
make[1]: *** [cmTC_fa590] Error 1
make[1]: Leaving directory '/media/js/data/WFH/Ubuntu/catkin_ws_scw/build/CMakeFiles/CMakeTmp'
Makefile:126: recipe for target 'cmTC_fa590/fast' failed
make: *** [cmTC_fa590/fast] Error 2

File /media/js/data/WFH/Ubuntu/catkin_ws_scw/build/CMakeFiles/CMakeTmp/CheckSymbolExists.c:
/* */
#include <pthread.h>

int main(int argc, char** argv)
{
  (void)argv;
#ifndef pthread_create
  return ((int*)(&pthread_create))[argc];
#else
  (void)argc;
  return 0;
#endif
}

Determining if the function pthread_create exists in the pthreads failed with the following output:
Change Dir: /media/js/data/WFH/Ubuntu/catkin_ws_scw/build/CMakeFiles/CMakeTmp

Run Build Command:"/usr/bin/make" "cmTC_fd09c/fast"
/usr/bin/make -f CMakeFiles/cmTC_fd09c.dir/build.make CMakeFiles/cmTC_fd09c.dir/build
make[1]: Entering directory '/media/js/data/WFH/Ubuntu/catkin_ws_scw/build/CMakeFiles/CMakeTmp'
Building C object CMakeFiles/cmTC_fd09c.dir/CheckFunctionExists.c.o
/usr/bin/cc   -DCHECK_FUNCTION_EXISTS=pthread_create   -o CMakeFiles/cmTC_fd09c.dir/CheckFunctionExists.c.o   -c /usr/share/cmake-3.10/Modules/CheckFunctionExists.c
Linking C executable cmTC_fd09c
/usr/bin/cmake -E cmake_link_script CMakeFiles/cmTC_fd09c.dir/link.txt --verbose=1
/usr/bin/cc  -DCHECK_FUNCTION_EXISTS=pthread_create    -rdynamic CMakeFiles/cmTC_fd09c.dir/CheckFunctionExists.c.o  -o cmTC_fd09c -lpthreads 
/usr/bin/ld: cannot find -lpthreads
collect2: error: ld returned 1 exit status
CMakeFiles/cmTC_fd09c.dir/build.make:97: recipe for target 'cmTC_fd09c' failed
make[1]: *** [cmTC_fd09c] Error 1
make[1]: Leaving directory '/media/js/data/WFH/Ubuntu/catkin_ws_scw/build/CMakeFiles/CMakeTmp'
Makefile:126: recipe for target 'cmTC_fd09c/fast' failed
make: *** [cmTC_fd09c/fast] Error 2


